Theta value (bin size = 0.03333333333333333) vs. Probability of commitment to state B
-6.87545528111 0.0
-6.39331885282 0.0
-5.91118242452 0.0
-5.42904599623 0.0
-4.94690956794 0.0
-4.46477313964 0.0
-3.98263671135 0.0
-3.50050028306 0.0
-3.01836385476 0.0
-2.53622742647 0.04
-2.05409099818 0.0
-1.57195456988 0.006802721088435374
-1.08981814159 0.076
-0.607681713296 0.16783216783216784
-0.125545285003 0.4019138755980861
0.356591143291 0.7631578947368421
0.838727571584 0.8629032258064516
1.32086399988 0.9775280898876404
1.80300042817 0.9661016949152542
2.28513685646 0.9803921568627451
2.76727328476 1.0
3.24940971305 1.0
3.73154614134 1.0
4.21368256964 1.0
4.69581899793 1.0
5.17795542622 1.0
5.66009185452 1.0
6.14222828281 1.0
6.6243647111 1.0
7.1065011394 1.0
