theta q
0.0004942932537163047 -2.32903644518
0.0003752481518981554 -2.38325738886
0.01651949114130452 -1.50727535906
0.06698558054145698 -1.05968730687
0.28435945358375003 -0.40300790358
0.33099284703137 -0.309128183103
0.34251429914747156 -0.286810141307
0.5638656288238411 0.113686774972
0.00011464894581691976 -2.60522031539
6.855411181411197e-05 -2.69642974645
0.004171280351664142 -1.86526424591
0.025294352429832634 -1.38236000292
0.0019228895406154245 -2.04392198278
0.016106466285313703 -1.51445185313
0.0001666106536646894 -2.53710078159
0.01870237960036547 -1.47171445396
0.03821065740741275 -1.25287925197
0.05993803145165766 -1.09975894239
0.010905503590637855 -1.62185059445
0.3823194232831946 -0.211704077343
1.973375152158896e-05 -2.90661546791
0.004812084802144623 -1.83073335233
0.002837926092131182 -1.95581677903
0.04234187689070368 -1.21914645781
0.008027779589440232 -1.70246573648
0.05487978564840246 -1.13085800843
0.2942491424087478 -0.382554307252
0.3901823484735425 -0.197172344207
0.0001996466141833131 -2.50354726041
0.1100942422269704 -0.866932062454
0.4533306079824761 -0.0829089214081
0.0010730916873056828 -2.17026641694
0.15823971772047152 -0.708322139793
0.6035330404441088 0.185617425414
0.16113499860314656 -0.699897022275
0.28552569958188 -0.400578627882
0.2916201698567219 -0.387959622037
0.10434936845073428 -0.888940437957
0.0021519814716031704 -2.01877524725
0.47034587256883975 -0.0526090677052
0.04096418543063618 -1.23008661213
0.13024876434661148 -0.795647840516
0.043239507632707674 -1.21217246134
0.010673765393056145 -1.62760488849
0.045728624343031876 -1.19342676273
0.29228040198516947 -0.386600026961
0.7037969642787165 0.378551442333
0.0020159319638537454 -2.03339722155
0.005802879853228693 -1.78467396165
0.08293282049993012 -0.979775111306
0.7349751239912992 0.444013609947
0.44986357400286403 -0.0890997212921
0.02244078377858827 -1.41828843625
0.0031843449317567885 -1.92910706245
0.2870763239059611 -0.39735599694
0.1273244719174454 -0.805486535107
2.8881899218902163e-06 -3.2063144563
0.03317562062851198 -1.29827872398
0.04132379304601036 -1.22720258021
4.663092226231402e-05 -2.76300911316
0.6450608859327395 0.263057608683
0.17631509762329517 -0.657255521023
0.12994172152547584 -0.796673636399
0.004499963972814269 -1.84700313146
0.48452618514805723 -0.027433503294
0.05771944517845112 -1.11313462073
0.0330521167643838 -1.29946159615
0.09887066357063057 -0.910762951569
0.009622288333155815 -1.65516667792
0.0009813869702736677 -2.1890668463
0.43276187619952444 -0.119746373193
0.18369751364259607 -0.63736031526
0.03956432709457974 -1.24151287702
0.010144699383307643 -1.64116136735
0.02667446602997714 -1.36619088299
0.004176023713245214 -1.86499169829
0.0572535063241153 -1.11599489541
0.016563380030896857 -1.50652182867
0.3398949784126472 -0.291858160789
0.03388409277991028 -1.29156246756
0.0004312870431210647 -2.35600414648
0.27661053440620115 -0.419272146743
0.004447805515128411 -1.84981969322
0.09894242172192796 -0.910471495257
0.0001901834375118705 -2.51259356194
0.018678681297598865 -1.47208104663
0.13789194255784565 -0.770632845691
0.09573431334569638 -0.923656002622
0.10879295142691564 -0.871843445967
0.05846547691580978 -1.10859250402
0.09464251521903044 -0.928217031055
1.9680063236549028e-05 -2.90706021709
0.0023719009442443872 -1.99682351848
0.24322788032492038 -0.492115912331
0.09479211979233304 -0.927589768454
0.03345410892124684 -1.29562472362
0.44615396508556987 -0.0957312518118
0.00010396182879712779 -2.62279314498
0.5721245473742524 0.128541903022
0.09896761967361767 -0.910369186748
0.10754666886512637 -0.876586974883
0.020994492228119388 -1.43799307477
0.019081780665228754 -1.4658986048
0.0058752089637455485 -1.78159252396
0.0022383068209837487 -2.00992632549
3.289457595201384e-11 -4.61737598516
0.5948749982638233 0.169778828989
0.001353544737078216 -2.12073922418
0.02614124562502168 -1.372353131
0.0002233098140517753 -2.48256972186
5.402626328127047e-05 -2.73774741715
1.662547677916404e-06 -3.28779433194
0.6823420433503091 0.335351072221
0.00039502546496467117 -2.37323213867
0.2830167963487523 -0.405810546484
0.020607575487447738 -1.44345883172
0.0050748069778627225 -1.81775231949
0.7122519589521945 0.395962542764
0.1625261561291091 -0.695883969369
0.1818780196767003 -0.642216499176
0.004399721244575994 -1.85244250716
0.07261735961639199 -1.02995153451
0.05422005735549207 -1.13507892778
0.08385605955877257 -0.975519278238
0.00891011961404542 -1.67537086687
0.011549357591276732 -1.60640375418
0.031741371801113916 -1.31224542702
0.06764106995613228 -1.05612944189
0.24404075530606362 -0.490281978056
0.005741964529798582 -1.78729568832
0.003931770503867449 -1.87940035342
0.10817610281356083 -0.874186342654
3.383528813627468e-05 -2.81734726815
0.012047030145993842 -1.59496847661
0.7152693901760336 0.402234275048
0.03334458577080568 -1.29666630341
0.04509827508322839 -1.19809473185
0.0014765076535074861 -2.10193640779
0.43835784809969125 -0.109696287538
0.8442774441400637 0.715729526359
0.2496260653032084 -0.477768674906
0.1684497459328398 -0.679041329078
0.0024331864626758737 -1.99103493513
0.05802873833270222 -1.11124596368
0.14282588460008877 -0.754984318459
0.38538576797820967 -0.20602676264
0.22360177182386354 -0.53746153527
0.10604413679433128 -0.882358796371
0.006450072733202472 -1.75823098721
0.13731881350087038 -0.772475148106
0.04212349115610364 -1.22086123214
0.00044262752141072115 -2.35089167341
0.008289009508927636 -1.69418205586
0.009560109721497512 -1.65687759402
0.7998931948705024 0.594846364371
0.005819325930477404 -1.78397032843
0.012688334002083967 -1.58082212006
0.04667280511888955 -1.18653057139
0.09280780551468859 -0.935969765568
0.16295218233881603 -0.694659492977
2.2593038551121936e-14 -5.33525335242
0.12065452263838156 -0.828531941701
0.020070854770631086 -1.45118655781
0.004823342476888648 -1.8301643083
0.029983458672747765 -1.33009385473
0.0867344677909086 -0.962472477548
0.05442474765985872 -1.13376500026
2.5528314396616736e-05 -2.86430340347
0.013745972148086538 -1.55878927672
0.002639513933879012 -1.97247097326
0.010721668809743956 -1.62640654093
0.006101249009617116 -1.77217475677
0.01791430661228116 -1.48412319573
0.023212328378113156 -1.40821145029
0.06742222801770109 -1.05731429683
0.33677153643094476 -0.297897266335
0.0031873586744863847 -1.92888641282
0.1834624260052617 -0.637986064938
0.05211851395552386 -1.14880145963
0.00038660820460328926 -2.37744061978
0.004534398057349287 -1.84515962145
0.000576866844066326 -2.29815217667
0.10453516247810218 -0.888215146132
0.001351354193738552 -2.12108812556
1.71193395126501e-07 -3.60517170159
0.045701992634646194 -1.19362293026
0.022324837663559693 -1.41982794098
0.023410403956760917 -1.40566998976
0.8048242204261227 0.607390571577
0.013914534288598013 -1.55541400444
0.0008661423120975842 -2.21512694986
0.003567285088841854 -1.90246858992
0.026170917783808645 -1.37200747195
0.2199489316400255 -0.546145023594
2.4322932556941623e-11 -4.64924294393
0.05552258931136411 -1.12678377157
0.00391608456210174 -1.88035282986
8.052267741476271e-10 -4.2659028906
0.05305856985969315 -1.1426099104
0.0007978702129958215 -2.23211283235
0.006951287649273219 -1.73932064384
0.02333697587387301 -1.40661000951
0.010158232279579349 -1.64080700589
0.4390874141303712 -0.10838769804
5.660427971254656e-05 -2.72970433844
0.3146275947221271 -0.341373789113
0.5435411795848726 0.0773285895175
0.009853236680894106 -1.64889530355
0.0007657014449177768 -2.24058518946
0.2820214626963601 -0.407892311294
0.1206739172437174 -0.828463651349
0.0003718960296745233 -2.38500505692
0.004361574262918333 -1.85454156137
0.002650070614736988 -1.97155685289
0.0014414948693281526 -2.1071401949
0.022709491946004856 -1.41474621586
0.002461203531203937 -1.98843246804
0.02115291035827116 -1.43577976528
0.004389820878014927 -1.85298571182
0.9009359360541291 0.909977780485
0.2005404301220211 -0.593752210412
0.003944365525201776 -1.87863802355
9.772189324408487e-08 -3.67951476167
0.07001542182444093 -1.04346063323
0.37792023110784406 -0.219873151988
0.0003958513186305135 -2.37282372168
0.024529221777578936 -1.39164511166
0.03686428060257663 -1.26451492892
1.28318498374691e-05 -2.97612923095
0.011678948577820758 -1.60338550622
0.0014262961269008723 -2.10943510969
0.2847802940692161 -0.402130751034
0.02447689523979607 -1.39228894552
0.003916153024666302 -1.88034866528
8.692563335799264e-11 -4.51333838549
4.8191225176075214e-05 -2.7573790348
0.2689374199308423 -0.435598862054
0.005706404561909961 -1.78883758211
0.2618676507297336 -0.450849974227
0.05084061636325732 -1.15736204489
1.1132662308677155e-07 -3.66235772642
9.315594241582348e-05 -2.64237882279
0.033824389882702144 -1.29212396338
0.003884613515946267 -1.88227415708
4.5247384605817675e-05 -2.76815222507
0.02252477864209862 -1.4171773573
0.018540860241287094 -1.47422090219
0.22057561024803485 -0.544649462105
2.0766515813619435e-06 -3.25520819269
0.00195878777319225 -2.03980755769
0.2976253496726693 -0.375645221114
0.07389803396998718 -1.02343820896
0.5063091051449743 0.0111830638806
0.028293312994145725 -1.34809220305
7.288952774686663e-11 -4.53236245708
0.006039288251799724 -1.77472511215
0.007044860466197789 -1.73592437736
0.6612349630441817 0.294040397522
0.15305401872717977 -0.723669121651
0.024791420023645705 -1.38843623425
0.27976645515945064 -0.412621862768
0.9644972516198823 1.27664049421
0.003264610050453143 -1.92329361094
0.008129073879848736 -1.69922593492
0.19837995565258965 -0.599217887087
0.15067949319041168 -0.730811464013
1.2281997360807928e-06 -3.33168610121
0.2986359772937859 -0.373584052998
0.00036890814033258 -2.38657520402
0.4661033273268105 -0.0601527606651
0.00013533872973647831 -2.57518243088
0.02727529678182833 -1.35936936458
0.11284905750417396 -0.856670424648
0.19538808947144254 -0.606846541312
0.029287550841709142 -1.33739985661
0.003221557256560148 -1.9263956464
0.14387705985276644 -0.751697906173
0.029209347373015226 -1.33822985801
2.1649348980190553e-15 -5.54787214709
0.17366959541220933 -0.664512722183
0.044365769817981404 -1.2035856342
0.31181723197883565 -0.346981478447
0.1807253560777065 -0.645308661962
0.007265228712842187 -1.72808063
0.08433749754328107 -0.973313954169
0.021253568668390233 -1.43438071147
0.3259395658238042 -0.319013492415
0.14521250845621475 -0.747546010108
0.004808908763557773 -1.83089410686
0.010002189138106687 -1.64491828276
0.1395404090535578 -0.765362844039
2.0872192862952943e-14 -5.3425933432
0.005644851098756509 -1.7915268389
0.0010532779906929912 -2.17420007384
0.0027714248128951624 -1.96127827468
0.004377954441053988 -1.85363823326
0.06272384013029692 -1.0835018447
0.16203832924975947 -0.697288639841
0.02768347846022634 -1.35480625327
0.0008165025132319537 -2.22734835468
0.09068392237897621 -0.945087301805
0.05280746842021794 -1.14425518004
0.002043960915486198 -2.03031306812
0.3100232671400736 -0.350572509317
0.014672927355244392 -1.54065067001
0.017016574451042654 -1.49883919581
0.09313809241813215 -0.934565805234
0.06410845296461182 -1.0756303998
0.03849335099348289 -1.25047876276
3.226728327393458e-05 -2.82530558681
0.008414535936911605 -1.69028285867
0.0691946971040115 -1.04780178711
0.008283104392086182 -1.694366759
2.3678953896544286e-06 -3.23583667939
0.19164013812663838 -0.616503925981
0.09876306223492248 -0.911200280449
0.0086779592445827 -1.68226345568
0.27296832283218564 -0.426993584825
0.05117953155013555 -1.15507513788
0.12587194527832068 -0.810431980509
5.647586395762794e-07 -3.44192527883
0.008068218738193689 -1.70116804349
0.0001470597464926504 -2.56002707267
0.09275239007921676 -0.936205683344
0.0006230669023334912 -2.28261468317
0.45761028824799 -0.0752757482537
0.23659695432032352 -0.507202076033
0.42457326918474503 -0.134497009373
9.47353306912646e-13 -4.97946095928
0.15359540608670913 -0.722050991354
0.12032903333283235 -0.829679177341
8.287980113319549e-08 -3.70109209302
5.151234188816023e-06 -3.11885416349
1.4319546609575795e-06 -3.30950451489
0.00034238662583852 -2.40105469445
0.7310727702881701 0.435620697817
0.0007864367741838851 -2.23508744825
6.3414305900511e-05 -2.71001277135
0.1395995303551904 -0.765174627618
0.013631015486175846 -1.56111169417
1.0119291088406257e-07 -3.67492782242
0.06648908041801804 -1.06240017507
0.0007554188935658956 -2.24336254458
0.0067696226283157634 -1.7460311498
0.03749322734906246 -1.2590369876
0.022160165996091385 -1.42202604584
0.012858873367759205 -1.57716457794
0.0014017581281525748 -2.11318774826
0.08657501516052885 -0.963186670085
0.0003130964737865227 -2.4183108467
0.10027729447465628 -0.905077674256
0.06277497733284632 -1.08320873824
0.1244201362573269 -0.81541491608
2.9976021664879227e-15 -5.51775348829
0.09711467114265726 -0.917943950291
0.010277729405145597 -1.63769569717
0.2491999534300265 -0.478718030672
0.7941832412753984 0.580550496277
0.03310610275850018 -1.29894409199
0.001543439959968973 -2.09229445028
0.017673300378608703 -1.48801091802
0.01058393288958831 -1.62986481413
1.0390547325989097e-05 -3.0096790195
0.5666526543403326 0.118693800655
0.6294104705232605 0.233551973345
0.03551961457531361 -1.2764879747
0.0011609478360621317 -2.15358911448
0.17327557608506106 -0.665599600148
0.40424426275261705 -0.171385990417
3.754357592578028e-05 -2.7998335853
0.00011012977998126061 -2.61245521559
0.04924231356048553 -1.16831360624
0.0014301451937027143 -2.10885182137
0.006615907059387083 -1.75183467527
0.0009945561190124463 -2.18627032905
9.154175219294736e-06 -3.02965661833
3.1516110421403454e-07 -3.52258489897
0.09762761413835064 -0.915836535773
0.026725660374608218 -1.36560467733
0.007089365181903284 -1.73432300982
0.9221236206863699 1.00373938227
0.07353508210042065 -1.02527530549
0.006292067974545845 -1.76446212952
0.05436272557124289 -1.13416271282
0.0019496506215685994 -2.04084825989
0.3255994111175353 -0.319681131817
0.0017885180890580554 -2.05996926093
0.0009724532368997063 -2.19098363641
0.1806684084587667 -0.645461750876
0.021561175725103465 -1.43013971815
0.000978459964300571 -2.18969308358
0.00040037497052941573 -2.37060053088
0.3786302148652883 -0.218552789627
0.1883259802132064 -0.625140362609
9.564219030538945e-05 -2.63769018151
2.3002208173750205e-05 -2.88149565026
0.007358738183158742 -1.7248155282
0.01473305264219299 -1.5395085514
0.11418845254217963 -0.851745773011
0.09193156021174365 -0.939712441296
0.23580988750193316 -0.509008038536
8.800238859851817e-08 -3.69325040332
0.028664735615458015 -1.34406178565
0.1410645813141284 -0.760527744923
0.12648567138378658 -0.808337591164
0.005629091808183495 -1.79221954397
0.8777625425984974 0.822983481891
0.05965909633505684 -1.10141905374
0.00019920179686283568 -2.50396341799
0.07310265233470459 -1.02747314138
0.0041856569401898525 -1.86443903638
0.19237412807882115 -0.614603626438
0.008466560178607363 -1.68868179375
0.13632889253402525 -0.775669622807
0.7036878525966345 0.378328267909
0.0036266332746165975 -1.89857239086
0.0974659502454363 -0.916499849798
0.004764592424654435 -1.83314710125
0.012184580469092654 -1.59188024863
0.10708566727104019 -0.878351644371
0.032990871573403024 -1.30004953017
0.0003667824399978814 -2.38769947472
0.6411912440753035 0.255721462109
7.705875364899528e-05 -2.67593191638
0.21442765696056215 -0.559428924631
0.004917146043773468 -1.82546829211
0.011492997734756372 -1.60772559201
8.920405589196712e-07 -3.37746718403
2.295176539934829e-07 -3.56571949291
0.05374172133390348 -1.13816479003
0.02092717598197097 -1.43893785204
0.12874017812723887 -0.800704075604
0.015205146397864522 -1.53067750303
7.359660381123234e-09 -4.00562089346
0.010815318001192675 -1.62407722484
0.002694298470583334 -1.96776249349
3.124661429598774e-08 -3.82652002631
0.022595145923452242 -1.41624922927
0.001060378731394196 -2.17278260616
0.0003644371430269744 -2.38894693296
0.1751698813559423 -0.660388564955
0.2706751170096315 -0.431881341769
0.0036548374918430326 -1.89674080897
0.10076411842375405 -0.903123612823
0.25912684266269215 -0.456819008952
0.0020808260113125976 -2.02631455671
2.0711927436467548e-06 -3.25559560395
0.19357386068196125 -0.611507038985
0.08776952835753671 -0.95786010353
0.0007764573715848822 -2.23771649542
9.393155253611951e-09 -3.97593546419
0.1090697027604971 -0.870795400945
0.000597807057403088 -2.29097248521
0.0005194447892071241 -2.31915296191
0.19968800887595684 -0.595904455119
9.547918011776346e-15 -5.41403170977
0.0037712238254913877 -1.8893143449
0.0003499668211476292 -2.39681277472
0.20943092664874596 -0.571623277198
0.024126625615819186 -1.39662872609
0.6178261184797634 0.211973883504
0.005968303519654383 -1.77767556381
0.004556128452925301 -1.844002656
0.0019972416753443745 -2.03547550527
6.481135866875931e-08 -3.73308441782
0.005868139692493057 -1.78189220784
0.0016502973886730055 -2.07766398148
0.0004407034757674122 -2.35175044684
0.0022052976722407025 -2.01327284446
0.0005708225503583964 -2.30026936914
0.055756784748848154 -1.12530864261
0.041006586856028704 -1.22974549006
7.239067479569705e-06 -3.06635575099
0.0010351243817978695 -2.17786418356
1.3317734812612336e-05 -2.97018488748
0.0011737759721079377 -2.15125143252
0.9069229307929886 0.93482492093
0.060800943188676126 -1.09466124464
0.015684251497251445 -1.52195292096
0.42624537452566347 -0.131480394846
0.003630537643874332 -1.89831808049
0.1882660738351079 -0.625297331326
0.01664482367195841 -1.50512803529
0.008182419951410003 -1.6975339484
0.0010227996646964832 -2.18038554016
0.3678441242083355 -0.238697102145
0.0027859374818197113 -1.96007639533
0.07436234357664534 -1.02109811064
0.250447796985522 -0.475940324851
7.916725657031165e-06 -3.05241188569
0.0023987004060820882 -1.99427577997
9.83667155832757e-05 -2.63268195164
5.572648318741269e-06 -3.10679384109
0.024657574162101292 -1.3900707116
0.26151126721110474 -0.451624295892
0.0004870004982807097 -2.33198930523
0.5668311105510826 0.119014605996
3.105622646826234e-07 -3.52459530672
1.833472430434746e-06 -3.27349302474
0.30252786633406115 -0.365675935863
1.8423040870629848e-12 -4.91352770232
0.001006551050389437 -2.18375258222
0.07616445905911301 -1.01211979069
0.00033062349142259917 -2.40781347967
0.0008857085101761641 -2.21048604222
0.08214177401089379 -0.983450021109
0.003828312152099722 -1.88574645685
0.7230785049700025 0.418615238022
0.3146057232447945 -0.341417347369
1.7471929060930425e-05 -2.92642886538
0.023922309258573804 -1.39918466792
0.02097131515091899 -1.43831807312
0.024032617323215433 -1.39780247611
0.0006456786636762635 -2.27539435317
7.324662715246788e-08 -3.71719911084
0.0007458059407859929 -2.24599071792
0.03692559793581779 -1.26397752716
0.07141982462744462 -1.0361221074
2.125954967624466e-11 -4.66338518648
0.002422868655206356 -1.99200017618
0.026321626558207634 -1.37025686648
0.044151959715278966 -1.20520213227
1.549968421687975e-05 -2.94580529788
3.8314280276230406e-07 -3.49576886814
1.1312774777061385e-05 -2.99620129861
9.16544306006628e-08 -3.68792485392
0.0026985003329186297 -1.96740494235
5.747128328792428e-10 -4.30426081222
0.11466932143827518 -0.849987770057
0.6860641832953747 0.342752132004
0.178370488685326 -0.651664570038
0.27511951670017815 -0.422426989794
6.1156200401590866e-06 -3.09247831915
0.0026868188057056486 -1.96840021195
0.0003544692452561726 -2.3943334388
0.007984087934084394 -1.703874277
0.1766299342215223 -0.656396460736
0.02606737328912323 -1.37321511735
0.05940319246023901 -1.10294745031
0.10764715686551796 -0.876203040574
4.594012383846158e-05 -2.76555877423
0.09730735172708627 -0.917151371096
3.377122980174896e-05 -2.81766548907
0.01775424214574045 -1.48670021229
0.507808691534967 0.0138414292684
0.10702495188516781 -0.878584464972
0.04367057319787543 -1.20886485909
0.08989334455203096 -0.948521596771
0.0021124161867982494 -2.02293899219
1.9431971137739978e-07 -3.58817073092
0.03968480927715001 -1.24051664092
0.04650268844928673 -1.18776475969
0.002475063674806266 -1.98715491082
0.014813239870417938 -1.5379915662
0.10453847783395587 -0.888202212325
0.004080309199606558 -1.87054573065
2.6225156807280214e-07 -3.54764344774
0.049909686015073784 -1.16370680054
3.434769679178107e-06 -3.18034790538
2.2781265880844614e-05 -2.88308344435
0.05221907706625378 -1.14813490004
0.14673869838016712 -0.742832437663
0.010011328265734754 -1.64467595591
0.06952136995452352 -1.04606915369
1.159650741155982e-06 -3.33995057563
0.013139299374680613 -1.57124052011
0.18558114912028356 -0.632364406957
0.06135804803898004 -1.09140010099
0.030979331969242185 -1.31987946466
2.9179670457679663e-08 -3.83517506317
1.3442179219724792e-07 -3.63740959389
0.014752536261363913 -1.5391393076
0.05578111018627874 -1.12515570424
0.015822284610003234 -1.51948177332
4.4132747352154666e-05 -2.77240495246
0.0008985464695946965 -2.20749194768
0.0012406778092357573 -2.13942639001
0.9798670833182284 1.45028409258
0.003269613775836011 -1.92293547339
3.2946338895945004e-07 -3.51650851633
2.902175213592706e-06 -3.2055933724
0.0004952065419626117 -2.32866949824
0.22416171888165892 -0.536137603738
0.0040833929614816356 -1.87036498001
0.07055516799595685 -1.04062699023
0.1137530502887093 -0.853342109107
0.0005050665263797716 -2.32474729473
0.03233957194225101 -1.30635811716
0.0037683236832438127 -1.88949688653
0.0038218751721347255 -1.88614635832
0.6717332424467165 0.314453373641
0.1479217091267641 -0.73920134527
0.0047443521294898705 -1.83418231803
1.6721078404113854e-06 -3.28695797526
0.0010998934538030136 -2.16505005274
0.009668679337844432 -1.65389645889
0.0026052409496880036 -1.97546166599
0.3352245858010823 -0.300896298572
0.06795952752263423 -1.05441052679
0.9734302955255882 1.36739340011
5.494233988329045e-05 -2.73484869029
0.2407615750794032 -0.49770056148
0.05385305396250939 -1.13744462039
0.006816216030747169 -1.74429501455
0.02463658101615157 -1.39032774726
0.000878682296130473 -2.21214164405
1.035663850790236e-07 -3.67187801621
0.17118216924005297 -0.671400717299
0.007696841405072707 -1.7133071129
0.10152729832189777 -0.900074095104
3.801908125433684e-05 -2.79770737087
0.0022202455277566813 -2.01175182313
0.1101454284081621 -0.866739727384
0.2515342667647139 -0.473527806049
0.0015388905080410131 -2.09293762301
0.11203016181800268 -0.859701900253
0.28481172517132447 -0.402065264426
0.5319301466773977 0.0566552708464
0.17960213758501747 -0.648333752315
0.22966091291168755 -0.52323357718
0.14910759356995928 -0.735580891494
0.0452940641067352 -1.19663925334
0.00498285059689807 -1.8222262874
1.9252715257600528e-06 -3.2663316889
0.006683761547388645 -1.74925829517
0.05639440258157469 -1.12131709695
0.0036687006620543805 -1.895845179
0.10349668273960488 -0.892281162607
0.5728175053436022 0.129790802921
0.027855869095898766 -1.35289590677
0.38691943894316116 -0.203192179808
0.44580788605500005 -0.0963503451007
0.030019769866858947 -1.32971651769
5.161844285339612e-10 -4.3164086735
0.07908395176621225 -0.997911661727
0.026859107565636198 -1.36408102398
0.09390037461736633 -0.931339535677
0.8166118174652298 0.638183787956
0.2767140210063096 -0.419053489687
0.16966119131699864 -0.67564405854
0.5666734725317488 0.118731223629
0.014144440667186786 -1.55086676513
0.010233302942995404 -1.63884871221
1.3006301036178058e-09 -4.21079678717
0.11126291947971406 -0.862556568403
9.965667180367177e-11 -4.4985207645
5.460426827141873e-06 -3.10991808023
4.848748568764272e-07 -3.46318247867
0.014277224388418552 -1.54826941837
0.5320078659798477 0.0567934686817
4.537550857353079e-05 -2.76766974534
2.1547697848234293e-08 -3.87330019828
0.08469350999457648 -0.971689235741
0.24429843546110924 -0.489701311966
0.10453941783412068 -0.888198545268
0.00013834607514401354 -2.57117995739
0.0007271629587278783 -2.25117789898
0.21497913772140903 -0.558093257848
0.02763894540855455 -1.35530135703
0.006805947678983348 -1.74467672501
0.49704569326424125 -0.00523642021121
0.0045191162648030025 -1.84597622005
0.4876020341579586 -0.0219783606575
3.737621946886538e-06 -3.16761733048
0.011526787652685888 -1.60693242506
0.054278153122509554 -1.13470560695
4.655242719087127e-08 -3.77573210056
0.002490188761901546 -1.9857681195
0.023409159990907535 -1.40568589423
0.1353806152358123 -0.778744630447
0.0009244881101999614 -2.20155990817
0.16471119569555515 -0.68962567144
0.10868205577014012 -0.872263940849
0.006041311296253016 -1.77464147655
0.0016338379420178795 -2.07986024627
0.3273416693638961 -0.316264502293
0.0105002558337558 -1.63198496842
0.15672714928657305 -0.712763876493
0.014159332581170803 -1.55057442508
0.31841240705595397 -0.333855425521
0.04164745688675914 -1.22462415819
0.0005992216828209496 -2.29049587803
0.0019896689410961454 -2.03632259247
0.0060428859405295965 -1.77457639564
0.041262821192201427 -1.22769013458
0.04158151197572718 -1.22514817866
0.24900445066384463 -0.479153889819
0.0058862770349467075 -1.78112396285
0.0015995594791837764 -2.084499653
3.947049354025012e-10 -4.34661542691
4.931508368333226e-08 -3.76833448981
6.443406755451964e-05 -2.70723730328
0.11654980279693966 -0.843162848817
2.20297775577194e-08 -3.87053000622
0.0009651454603047394 -2.19256362653
0.5052198238957111 0.00925216096087
0.08038942436402524 -0.991686792699
0.008888080859204617 -1.67601836747
0.008168151543888613 -1.69798555022
2.1820156792529133e-11 -4.66065404771
0.8124504541360951 0.627177196622
0.013623797078042732 -1.56125808759
3.752355936326168e-05 -2.79992364655
0.00028755624242760014 -2.43463075918
2.6688712776279377e-05 -2.85694044791
0.00024162230408614205 -2.46771502834
0.00016263708131136756 -2.54154865279
1.6929132318210804e-08 -3.90338237214
0.03461654561019201 -1.28473924254
0.012534396104669443 -1.58416032651
0.0055736709876687 -1.79466934121
3.648608470907533e-09 -4.0898612554
2.9988391587187913e-06 -3.20069844424
0.0014186908475977145 -2.11059185272
0.0014895699421237363 -2.10002382595
0.07050891859553826 -1.04086914328
0.0030536947511910495 -1.9388580664
0.0009174837720146711 -2.20314635506
2.7865577068020286e-09 -4.12178756125
1.531429498258241e-05 -2.94774549988
0.1663847621812084 -0.684868607552
6.552185225328078e-06 -3.08182236896
0.12624379131924235 -0.8091621787
7.79469535622801e-05 -2.67391561693
0.01679008037978702 -1.50265659144
0.04262948210134476 -1.21689905103
0.09410799181596347 -0.930464172245
0.05688730658631147 -1.11825578185
0.3867193989963935 -0.203561714349
0.4023328062574635 -0.174877052234
0.0006401676977806359 -2.27713233055
7.094721664047121e-07 -3.40989877763
2.743675400485035e-06 -3.2139678164
1.3837008752071167e-05 -2.96405585286
0.36865825678525005 -0.237170040426
0.039675059919128564 -1.24059716432
0.01825711282483522 -1.47866945554
0.0348146624843117 -1.28291406543
0.0012279357023690651 -2.14163284113
0.059104728853761945 -1.10473657136
0.023015140431875025 -1.41075972103
0.33867862900589707 -0.294207390789
0.25883051161456094 -0.457466316556
3.3654883258016355e-07 -3.51359180219
0.9875460173550169 1.5859182614
2.863212509474078e-06 -3.20761065043
0.002470496353174312 -1.98757518682
9.346967644319193e-13 -4.98078538504
0.00423080924596142 -1.86186369849
0.05878487237006902 -1.10666181463
0.0055579193515742364 -1.79536956767
0.08769936164292441 -0.958171489514
0.014392613597020987 -1.54602916304
0.25318457673249206 -0.469873777296
0.1116058755092168 -0.861278801511
0.042440735011035846 -1.21837257126
0.024364042514013973 -1.39368144541
0.000811994057495824 -2.22849196662
0.3565929944903389 -0.259918728796
1.2310717778518665e-08 -3.9427761992
1.521669401594039e-09 -4.19260814375
0.05019083129616364 -1.16178078416
0.05848124162690643 -1.10849701509
0.02233130685463447 -1.41974186717
0.28770775591019115 -0.396046069516
0.004513398630998755 -1.84628238173
1.5078399138668264e-05 -2.95024680971
0.19438690142387238 -0.609415178732
0.0392222986350389 -1.24435453137
0.003302062116092741 -1.92062490118
0.00023853965836395652 -2.47014042852
9.742270369317296e-07 -3.36490784159
0.7399873315203458 0.454886282227
1.4320177150806135e-05 -2.95854630873
1.6343426223475177e-08 -3.90775487886
0.15989817738123369 -0.70348388889
0.12353255686326986 -0.818481338725
0.3954997726091437 -0.187392399447
0.3652432064867663 -0.243583129684
0.008419957256084909 -1.6901156107
0.8221878465752901 0.653179279532
0.019189348134336204 -1.46426760092
0.013206206635233975 -1.5698432529
0.009220410933916012 -1.66640029747
0.0002826916353110831 -2.43789149955
0.10955709530485175 -0.868954303885
0.0009635703271455576 -2.19290561937
0.0027812985971779614 -1.96045995305
0.005282920944559011 -1.80788758234
1.902724366953379e-09 -4.16658103046
0.5689792454635674 0.122878185801
1.4604313175459183e-07 -3.62638510871
0.00017225189438141442 -2.53095374221
2.3725135189778257e-08 -3.86123401034
0.002144934486529637 -2.0195117441
1.1075689923256693e-05 -2.99956336228
0.011113644395712496 -1.61677225247
1.9902678949357266e-09 -4.1613235276
0.21549295660449536 -0.556850596289
0.5987910647179453 0.176931663306
8.93579341793016e-06 -3.03345052207
2.810203393877053e-07 -3.53823790004
0.05182521406292895 -1.15075138397
0.1829177204212722 -0.639437870664
0.0037441429809647597 -1.89102379873
0.002652573455555862 -1.97134061018
0.6542009352994691 0.2805002196
1.329225174373505e-09 -4.20828113191
0.03240101654894123 -1.30575850129
1.2318920428189273e-07 -3.64897766168
0.00016062830899332692 -2.54383604545
0.49587876700121386 -0.00730482522674
0.26483684422759174 -0.444419590125
1.7818131601843312e-06 -3.27767568337
3.4310742580423437e-09 -4.09716329378
6.907319015092561e-07 -3.41367143636
0.0007839165580782459 -2.23574848058
0.006564250797023219 -1.75381173075
0.006455057555553312 -1.75803661068
0.027988150791734667 -1.35143669471
0.775948930594869 0.536399072812
5.774531935953675e-07 -3.43881671198
0.0014534958463512382 -2.10534367626
0.03152090918839828 -1.31443828044
0.0006220085104421402 -2.28295854167
0.22318094977558595 -0.538457762743
0.10618428352309789 -0.881817950272
0.0002262871660900223 -2.4800789105
5.470052824529947e-06 -3.10964770069
0.4379090425556349 -0.110501476082
0.0006242384038893656 -2.28223470507
0.014378754985518216 -1.54629740587
1.4209761414751831e-06 -3.31062001743
5.248081429432006e-07 -3.45216651093
0.16065477763792962 -0.7012875531
0.015117077928973544 -1.53230687025
0.000499899231085954 -2.32679386309
0.09735886231916308 -0.916939680682
0.08674585705779714 -0.962421502281
0.14237908763219598 -0.756386142239
0.4256621011921907 -0.132532392998
0.0009463111595093276 -2.19668694085
1.0664640381907731e-07 -3.6680195036
0.01226214642956075 -1.59015206705
0.0005283809120752436 -2.31574784784
0.1509019237285006 -0.73013925182
0.007570011233479557 -1.71757100502
0.029615768665182285 -1.33393630754
0.028626005875748872 -1.34448001792
1.2541293004098009e-07 -3.64660877095
1.017730899555147e-10 -4.49623833051
0.1908197303900881 -0.61863324489
0.1598542604296856 -0.703611583908
0.004422532443736138 -1.85119506731
3.740118840345197e-05 -2.80047522455
0.0006406359676902063 -2.27698411781
0.0037314292187812237 -1.89183017114
1.2934051940582947e-08 -3.93669260092
2.3829473394521017e-09 -4.14021385666
1.1895426121899533e-07 -3.6536055885
2.1248235948512217e-09 -4.15366609952
0.251353891096844 -0.473927950165
2.270932208864318e-05 -2.88360361887
0.0005586173734536959 -2.30460852533
1.753350076239002e-08 -3.89902175314
4.146827325968161e-11 -4.59278279515
3.6961209804731165e-05 -2.80247259522
0.0001257569964490668 -2.5885152546
0.0673147141392137 -1.05789748802
0.2549168823508449 -0.46605164685
0.00022109577003409653 -2.48444213635
8.305681391540531e-07 -3.38761059912
4.176171274794527e-06 -3.15083077826
1.1337614180817468e-10 -4.4844947296
0.09021929013988178 -0.947102971738
2.4010581523015162e-08 -3.85973248911
7.09127145559485e-07 -3.40996736461
3.478911214660485e-09 -4.09551966981
0.04942276460336831 -1.1670630793
0.5092092952463741 0.0163245008094
0.001195486102712695 -2.14734795675
0.0001306487873540818 -2.5815938018
1.5970837851486674e-05 -2.9409719307
0.3972180491230235 -0.184239838551
1.9639865173060045e-07 -3.58673948882
5.134772740333915e-08 -3.76314352035
0.07611070942874909 -1.01238522221
8.842727588947996e-05 -2.65163039486
0.0002929878594288837 -2.43105009784
0.4003990752923811 -0.178413139024
2.048980418140056e-05 -2.9004714426
0.9664698822529688 1.2949035186
0.09675320630253587 -0.91943393176
0.034105438425268975 -1.28948782379
5.2978732512087845e-12 -4.80703108391
0.1080872988505443 -0.874524426373
0.7166691041526747 0.405154329971
0.0013162117317849775 -2.12675731437
0.04129079464787477 -1.22746637563
0.14466723087141897 -0.749238152371
0.21500428993810378 -0.558032387566
0.0742681260674316 -1.02157205803
1.4773901646614185e-05 -2.95353110095
0.000765472607711426 -2.24064662449
0.02099636356812229 -1.43796684733
2.3302040888295572e-05 -2.87936388832
1.7600185753252617e-09 -4.17567829745
0.6577545533655127 0.287327603492
0.25693411494316676 -0.461617943693
0.33475962659778824 -0.301798759141
0.2312299807588713 -0.519583624899
0.00029924555555999044 -2.42700068719
0.3439366096798614 -0.284075157117
0.21339165993371578 -0.561943486128
2.503822704724712e-09 -4.13439528497
0.00010264050411301628 -2.62508254246
0.2290428963814205 -0.524675032238
5.984479069243154e-06 -3.09582133549
0.0019290701132909094 -2.04320865946
0.5970655827884355 0.173777821289
1.1412920203346388e-07 -3.65907648767
2.587676899035163e-06 -3.22267518388
1.0538681038951836e-11 -4.73645452221
0.001991639392219302 -2.03610189613
0.18179160556211327 -0.642447889644
0.4407819609642437 -0.105349690267
0.780704548419171 0.547707153025
2.5639604391169968e-05 -2.86358364129
0.027901233208866838 -1.35239484183
0.1587231303534365 -0.706908454928
0.5564915559054124 0.100465666478
0.006747186803637617 -1.74687090871
8.917826027632358e-06 -3.03376658738
0.0028230720008082244 -1.95702659713
0.3540321267835012 -0.264781168392
0.4346337730085271 -0.116381947563
6.0178528826781985e-12 -4.79402964588
5.3223789264755794e-09 -4.0447370708
0.8395577158966049 0.701903716964
0.06423511864356107 -1.07491693756
0.0872990273389112 -0.95995165887
0.0008797997046676165 -2.21187753463
0.0014932319349261758 -2.099490383
0.16206062050383008 -0.697224393421
6.969424388098e-05 -2.69354710508
0.00523461865391095 -1.81014591751
6.276876118221919e-05 -2.71179156574
0.002937479864015713 -1.94785277734
0.003125047659242597 -1.9334871608
0.23630406539026272 -0.507873736628
7.70156161067348e-12 -4.76876388393
1.444485291279829e-05 -2.95715333096
0.37599859773498223 -0.223450692125
0.007515643908858394 -1.71941806478
3.4031554467794933e-06 -3.18173816916
0.04602187025606019 -1.19127278018
0.6454964620244227 0.263885143897
0.07396389347724497 -1.0231055978
1.4022025701665441e-07 -3.63179860022
5.874059347588112e-05 -2.72329696248
0.005104165703889663 -1.81633912365
6.369951490448056e-06 -3.08618552767
0.0094508114089209 -1.6599087836
5.8533814939532025e-05 -2.72390745532
0.007296868528464062 -1.72697172598
0.00029654344273294386 -2.42873948524
0.0036804212497147937 -1.89509033614
0.07953517762995993 -0.995751354694
0.48077347537313997 -0.0340913302057
1.8268170738355849e-06 -3.27402549706
0.04476113638495283 -1.20061295291
0.004421267597641276 -1.85126408524
0.18945953744763966 -0.622175960711
0.0005115909282156772 -2.32219073661
8.419448513374839e-07 -3.38568009197
0.3079998137809803 -0.354633799066
0.04338516399754733 -1.21105186199
0.3505472799742561 -0.27141823189
0.009827005024377555 -1.64960111727
0.000625461181659348 -2.28183879714
1.8438114368635183e-09 -4.17025335227
0.00974454378402223 -1.65183066588
0.0003945059720543709 -2.3734894545
0.008831214338466842 -1.67769563292
8.855883035507883e-06 -3.03486090066
0.49586390308274486 -0.0073311722472
0.36724688268712413 -0.239818051018
0.08293934501381534 -0.979744910727
5.231562068552797e-07 -3.45260596272
0.047539627834798426 -1.18029726564
0.00015882372034969894 -2.5459138807
0.04828482306379844 -1.17501095294
0.01978289451983989 -1.45540512753
0.00035503848176737796 -2.39402206544
6.125358587572016e-07 -3.4305560592
0.17800976788811956 -0.652642828241
7.488132043875773e-06 -3.06109155657
2.1208039683529023e-05 -2.89483083301
0.4333148447859861 -0.118752224673
0.021842400636379267 -1.42630696817
0.12072258454093149 -0.828292322925
0.026443059362687704 -1.36885241028
3.142522510546364e-07 -3.5229799574
1.0478324468099487e-06 -3.35449568586
6.528385415593974e-08 -3.73214309499
0.018165123486410417 -1.48012429691
0.5839697087315535 0.149948740274
1.193095788831755e-09 -4.22076531681
1.515577842114979e-07 -3.62144701534
0.009472897192247365 -1.65929381244
2.6399803192411753e-06 -3.21970104525
4.224041441369675e-05 -2.77986284374
0.557102459035904 0.101559569128
0.10315223049981076 -0.893636350835
0.19516180638484437 -0.607426389572
0.136883938110677 -0.773876545746
3.6248215670664496e-05 -2.80575762556
0.0017954186715742892 -2.05911887346
0.07251674536932318 -1.03046695851
0.10049251519714825 -0.904212948717
0.00026488221977705173 -2.45029256661
0.0002508497318010061 -2.46062369119
0.008527915924529617 -1.68680460705
0.06843800329019872 -1.05183954742
0.00020973715304350993 -2.49433231502
0.058978404491720204 -1.1054959494
6.660280382764228e-08 -3.7295499002
1.1371363591305972e-05 -2.99538079648
0.008820802228135138 -1.67800376056
0.031070617681411006 -1.31895683926
0.006790472415337256 -1.74525295678
2.293848833101464e-09 -4.14468969074
0.03051224466096225 -1.32463584267
0.8466460345448519 0.722772155686
0.00020864864313524523 -2.49530620358
6.88764462131175e-09 -4.01365039271
0.0006926320165064892 -2.26111816532
5.030021676954988e-09 -4.05151922916
1.1982834891011152e-08 -3.94609734302
0.16101168172002217 -0.700253841001
0.00017835254697906588 -2.52451454032
6.024875043308953e-11 -4.55285168364
0.4729834223683188 -0.0479222970626
8.525985689677995e-08 -3.69739206575
0.10534351330189295 -0.885070376211
0.08132850140895825 -0.987256084877
0.011667452801124134 -1.60365207096
0.0005380150834410347 -2.31213591717
0.9047131626069571 0.925520694585
0.0013320893908321807 -2.12417900695
0.019552139049160755 -1.45882344042
1.4521636382380798e-05 -2.95630112014
0.0003659638192616832 -2.38813405334
0.33010909522914944 -0.310852584818
3.4107147481865496e-06 -3.18140462182
0.13894131852688013 -0.767273154173
1.8336443474709085e-12 -4.91399862519
0.0006884150654783983 -2.26236323541
3.1561342417329996e-07 -3.5223886945
0.0001477684434753046 -2.55914742293
3.9106122506904484e-07 -3.49294932085
0.12135631190824192 -0.826065772417
1.122025161948148e-06 -3.34468849676
0.001528337673757485 -2.09443621742
0.047648104752038956 -1.17952363779
1.6569295234747372e-06 -3.28828798211
1.2111236841361173e-05 -2.98535178239
0.041689044739892434 -1.22429403261
0.2583181637984783 -0.458586398213
0.015615182063385635 -1.52319645226
1.029691037057745e-05 -3.01111056322
0.031557972345531315 -1.31406874354
0.014998850848519985 -1.53450707914
9.208621418732577e-07 -3.3729407095
7.252905383448027e-06 -3.06605877598
6.403820915767966e-06 -3.08536566865
0.006022899404933502 -1.77540356784
6.52964488978558e-07 -3.42158328246
0.001105305126139211 -2.16401094816
0.2490325343694919 -0.479091268052
0.06985163933125599 -1.04432380622
3.3162708856782075e-08 -3.81897852226
7.585985567659659e-06 -3.05906890147
9.806080075724921e-08 -3.6790600166
0.0057679350940306184 -1.78617494075
1.5370642761358688e-05 -2.94715343845
0.0033993317166360892 -1.91381885483
0.0056385415213666135 -1.79180397217
1.178931952061646e-10 -4.48023799196
0.6323475003662851 0.239056692415
2.2817664511731728e-06 -3.24131625354
0.07550397275646975 -1.01539141152
9.190584404628055e-10 -4.25077417529
0.10032420160693001 -0.904889092882
0.7259950245488714 0.424790747496
0.02834570393882524 -1.34752103623
0.15158971435516494 -0.728064827052
1.9716263621738506e-09 -4.16242393687
5.4917116296626656e-05 -2.73492789242
0.2032133778014788 -0.587038748402
8.488191755029462e-08 -3.697972887
1.0669526484541336e-08 -3.96034888076
0.0006406379581791466 -2.27698348802
0.01810879788160452 -1.48101820698
0.8521205669649905 0.739330770193
0.01572647349426126 -1.52119506486
0.010324243785288512 -1.63649314177
1.458239510032655e-06 -3.30686676251
0.2615568378320522 -0.451525253501
3.825276923075105e-05 -2.79667163828
0.0074452042516661154 -1.72182874414
0.002631670870842373 -1.97315225763
1.7916822414587585e-07 -3.59907134824
3.317039259398413e-05 -2.82067837236
0.014226584664644382 -1.54925750385
0.3540876260350091 -0.26467565735
0.16674986893531957 -0.683834915623
9.937649586566621e-07 -3.36207221665
3.5048963731298954e-11 -4.61065271901
3.3930915221969116e-06 -3.18218333228
0.6253013639906458 0.225874096691
0.7145018921331275 0.400636046392
0.06870604205846242 -1.05040535847
1.7526664625178157e-07 -3.60202238062
7.666034473885475e-12 -4.76923827908
0.6030906433436856 0.184805932012
0.6153431625563218 0.20737515566
0.3976806963422157 -0.183391637206
0.4563270562538767 -0.0775635404062
0.020845048898266383 -1.44009398785
0.017549364212839313 -1.49002780212
0.0033649819108302337 -1.91620211217
0.374790455395709 -0.225702839094
2.313358944572297e-06 -3.2392836635
1.9076048535238144e-07 -3.5906557295
3.992326563784232e-08 -3.79537803482
0.00017590101306930173 -2.52707698403
0.13395694257915286 -0.783389066147
0.025387618547680846 -1.38124434587
1.4310153310659324e-06 -3.30959963649
0.576765742373846 0.136914459111
1.0026893121350966e-07 -3.67613382695
0.6818643900870882 0.334403983251
4.189733000709017e-05 -2.78124870109
0.003305946166560658 -1.92034969655
0.4831300079941933 -0.0299101993232
0.40340608496876795 -0.172916309242
0.4293601459588361 -0.125867423508
0.043002282203489894 -1.2140040856
0.1215097933444384 -0.82552775827
4.0290951852650636e-08 -3.79420829538
0.0619502718067132 -1.0879586472
0.027057898433355154 -1.36182297757
3.3306766049068237e-06 -3.18497270066
0.7869448157804583 0.562761706236
3.9950820429623946e-12 -4.83570860721
5.43090331993068e-05 -2.73684773611
1.841599263835425e-05 -2.91787884966
0.0006717365930961061 -2.2673575583
0.5172241343849583 0.030538474041
0.020973342047875265 -1.43828963902
0.021012726233056944 -1.43773760351
0.05047735271443926 -1.15982676606
0.06424526688915677 -1.07485982347
0.015038664788866174 -1.53376448142
0.07549261942415736 -1.01544783883
0.007447819828738489 -1.72173887189
0.00022970608759803612 -2.47725613672
0.0009415948751994585 -2.1977312525
0.12975236382800975 -0.797307096099
0.0009869372510188934 -2.18788404931
0.0002891662824173191 -2.4335628583
1.4068682552270673e-08 -3.92631534383
0.45593094682104773 -0.0782699014625
0.0038790719811624963 -1.88261391451
0.7746279079619955 0.533282213197
0.00015512034463388558 -2.55024814774
2.1291514218368945e-08 -3.87479686437
0.18356703615608744 -0.637707554904
0.010263386659001117 -1.63806746342
0.04728417907788107 -1.18212465858
0.1622895081907229 -0.696565040703
0.45363078582691774 -0.0823732239128
2.3723245590190345e-12 -4.88823757202
6.356829739928571e-06 -3.08650427718
0.7045335172277398 0.380058958478
0.0025284155166950817 -1.98229683985
0.03230628385368345 -1.30668335639
0.00312542724598569 -1.93345888488
0.0001266099107684604 -2.58729048445
0.0244267299222658 -1.39290727302
3.196207759570413e-08 -3.82365293905
6.038331881452752e-06 -3.0944401524
1.4527882227222122e-06 -3.30741004278
0.02631911614296506 -1.37028595829
0.12546026683965122 -0.811840859659
0.03232580858754386 -1.30649255766
1.1484425649355146e-07 -3.65825177513
0.2863329418329351 -0.398899918756
0.9562295427259282 1.20810220271
0.5386907725522408 0.0686854684366
0.007757479007424406 -1.71129035711
0.4147988416718111 -0.15218181194
8.697677855717956e-09 -3.98531811277
0.030388135958251794 -1.32590978357
0.14879675126812775 -0.736528012448
0.9396829874882677 1.09751306477
0.13616007610252717 -0.776215975151
0.4255834158573326 -0.132674333134
0.11573960089976187 -0.846093690791
1.6912833808280237e-05 -2.9317016579
7.116418565544791e-12 -4.77687075718
0.04597303179553114 -1.19163074702
0.00041644381487693227 -2.36288744425
0.0001585911416323582 -2.5461832819
0.42580894431297645 -0.132267517603
0.02384524789729431 -1.40015345048
0.0017017574602780638 -2.07092383081
0.9921478777261643 1.70817015427
0.9857080485708731 1.54798263004
0.18239237696720118 -0.640840628525
0.4864877072987558 -0.0239544962838
0.8869006433480433 0.855746976138
0.38707111708107766 -0.202912021209
0.568684413302184 0.122347693657
0.8487949777025332 0.729224311807
0.5784541369341737 0.13996497084
0.5453320505538636 0.0805226631834
0.952614681285618 1.18140019652
0.2716740730732292 -0.429749635584
0.3605248464548845 -0.252476898511
0.9999675642017509 2.82443294976
0.9923015241738076 1.71325257033
0.7864237073453347 0.561494827673
0.8252192734644013 0.661456156589
0.8555854816440642 0.750023843783
0.7547968995226046 0.4876653143
0.7555022967128758 0.489252500738
0.9554038697271716 1.20185101858
0.3265899297309032 -0.31773777987
0.9610136634535655 1.24632673879
0.19875281979268283 -0.598272045956
0.26849344544503373 -0.436550603358
0.01654523526189139 -1.50683314959
0.6995971731806343 0.369988173277
0.9196349761589862 0.9918024379
0.9570211298933133 1.21418529327
0.9995573676076726 2.35088950373
0.7829874812596697 0.553185580381
0.9382591874668514 1.08917288219
0.8659148138165889 0.782969313251
0.9969149254124849 1.93648225793
0.9472638501164031 1.14472360558
0.5624066853837091 0.111067999897
0.9881923122787727 1.60041574824
0.8520138025962214 0.739003967179
0.618323737302932 0.212896605607
0.9999999955850194 4.06713490342
0.33320243250977966 -0.304824781899
0.9467325892897616 1.14124623764
0.9911219854218287 1.67631458388
0.288694442221578 -0.39400187055
0.8879852061064444 0.859758942026
0.5534246848691715 0.0949776068334
0.7715204626166818 0.525990906831
0.8663099569631179 0.78426353873
0.9999989226698922 3.35051902449
0.9999999879878931 3.94579728209
0.9992822041970587 2.25383062889
0.34136597651682365 -0.289021402593
0.9998936970549099 2.61880309635
0.9467290828664641 1.14122337787
0.9281551375613843 1.03392298361
0.9837681207613318 1.51225624158
0.9999428607545966 2.72807869638
0.49139424911540885 -0.0152544794475
0.9998014773717316 2.50460050536
0.9992398708263656 2.2420859859
0.999928224090521 2.68839668672
0.3740975254332345 -0.226995590327
0.9914259557779235 1.68540109415
0.9147192538426965 0.96902044699
0.14259080038461713 -0.755721524033
0.16133016597665362 -0.699332667329
0.9999999892212807 3.95910077082
0.3029460258877913 -0.364828989459
0.996617173993926 1.91496133882
0.9847882876377594 1.53055635023
0.9498125392096766 1.16180382318
0.2814377080358488 -0.409114894171
0.9999999999914666 4.75822028386
0.42870485968593236 -0.127047611189
0.9999999999844218 4.69589509761
0.7926027861138019 0.576635368257
0.5152834962766425 0.0270959215461
0.9999878838055817 2.98528656949
0.6730616359681416 0.317054738757
0.9999999981897343 4.17239578686
0.9999999964928968 4.09456128923
0.14085913940068662 -0.76117738917
0.8421278032489857 0.709398810082
0.7870204797406328 0.562945804794
0.999999999955842 4.58608835236
0.99999991313463 3.69495212722
0.769583617961687 0.521474476983
0.9626684787247064 1.26043818677
0.8506899253883102 0.734964651031
0.9990887570460875 2.2045692717
0.999999999324113 4.28585865318
0.9778671686284934 1.42239225255
0.6231745546455874 0.221910638955
0.9999999725312213 3.84280103966
0.9999968225167539 3.19203688609
0.9896839079963575 1.63670355126
0.9458006790844804 1.13521225588
0.8775382978372245 0.822201554789
0.37081927187842934 -0.233121979975
0.8788149529878528 0.826666689847
0.3552481827309396 -0.262470638855
0.1466010962000422 -0.743256061747
0.9551970203431307 1.20029958084
0.9995004983994212 2.32695215975
0.9999999863951515 3.93045576022
0.2654239140590318 -0.443152529705
0.9878310435571543 1.59222950754
0.9999997452953671 3.5516096653
0.9342206309092168 1.06630539151
0.9973238764272758 1.96931488131
0.5366544704939316 0.0650600364865
0.9656699247329925 1.28739362012
0.9999999986846795 4.20949774486
0.29625170781203014 -0.378451884945
0.9468585884365887 1.14206846874
0.5599223378241749 0.106612127833
0.7415378620890806 0.458271529562
0.9102006375228773 0.948931348289
0.9917470730333691 1.69531247287
0.9898066681965363 1.63988983378
0.9980704289487599 2.04315093531
0.6579501624205557 0.287704190228
0.7078439191703891 0.386855928218
0.9649046451636332 1.28034269513
0.644420997416896 0.261842560437
0.9999998805545889 3.65306077352
0.6311836349086035 0.236873606433
0.9996196441400211 2.38062210365
0.7237772029164421 0.420091754619
0.9737018829395927 1.37052939595
0.0660507890564308 -1.064808055
0.9999395062650449 2.71820092178
0.6907217589689018 0.352066505398
0.9767433129554766 1.40764071312
0.33752208732979005 -0.296444124929
0.7989917580093757 0.592573385591
0.3321179314605974 -0.306935541613
0.921889911173017 1.0026061838
0.9999544646185847 2.7670695095
0.6850234555485778 0.340679011475
0.9999999999998179 5.13946319386
0.9999988936563394 3.34670835399
0.45442266636953677 -0.0809602596168
0.9734089978375038 1.36714861188
0.9999943665664202 3.10512657319
0.999999905421125 3.68380619931
0.9374790796730026 1.08466677254
0.9882124313278915 1.60087799662
0.9999999999999951 5.47457955224
0.8890816385068994 0.863843146412
0.25553819445273335 -0.464684110891
0.9997672782253229 2.47479863981
0.9072458449435704 0.936198167775
0.9995879719542045 2.36497912629
0.999990582917778 3.02520194317
0.9999999996176918 4.35019454666
1.0 6.85476275602
0.9858092002920571 1.54995757076
0.8458144675921424 0.720291483354
0.6224355154318336 0.220535024744
0.999999585917264 3.48505381219
0.9926534183444924 1.72523792635
0.9744467487507289 1.37927146798
0.7380238848966196 0.450614418805
0.6852605515886736 0.341151046555
0.09785848780782891 -0.914890645974
0.9999381970089127 2.71448520129
0.9742933262847591 1.37745355806
0.9930212634702706 1.73832021264
0.7085716921158897 0.388354986197
0.0076526718448374775 -1.71478497792
0.18649124988807309 -0.629961853803
0.11016719915028017 -0.866657941982
0.4815473158484188 -0.0327182020708
0.7452129670628571 0.466337671452
0.31189916454412236 -0.346817685879
0.9999790880381503 2.8971337654
0.9344373769394783 1.06750455237
0.9999848260304534 2.94922898281
0.999529799469318 2.33895060722
0.4716911494762812 -0.0502183140447
0.9479011124638212 1.14893166799
0.9947472805869891 1.80929746757
0.03236725988469308 -1.30608780421
0.7806448563870494 0.54756434969
0.9999999999177631 4.51933659076
0.999942841056946 2.728019114
0.9943765249560602 1.79246684709
0.9780162096447289 1.42439572246
1.0 6.07094204057
0.6331715601889804 0.240603775858
1.0 6.11418686196
0.9999999999999998 5.76172201312
0.9999931313552555 3.07451350639
0.9999851546720833 2.9527549645
0.9999999995568551 4.33360853288
0.5996127652209687 0.178434804652
0.9957190592130988 1.85903299819
0.8720351808646514 0.803318798129
0.3209456576304342 -0.32884428973
0.9999999999856092 4.70415055222
0.9946024759672202 1.80260201295
0.9887524125762368 1.61354780223
0.999999999744318 4.39507661776
0.9999999995927669 4.34310804207
0.9999999999999997 5.70784504763
0.9520883151571047 1.1776497169
0.9999916085935481 3.04330689778
0.999466110915672 2.31367540309
0.40318979064171356 -0.173311343882
0.9993191078079795 2.26460196253
0.9977808729225424 2.0118653095
0.23438283634138446 -0.512290975644
0.9997051084897205 2.42980977525
0.9890786019067133 1.62145983044
0.9968510401602263 1.9317119185
0.0805989622691412 -0.990694787151
0.76992772900913 0.522275334301
0.6046049783236763 0.187584708239
0.999999999993269 4.78257656997
0.8911729782661849 0.871714319847
0.663136021108138 0.297718220685
0.9983129478184625 2.07283075086
0.9957386809748796 1.86013740175
0.9999983385177943 3.28788782869
0.9456988747719737 1.13455807643
0.9996894890691406 2.41990545345
0.9999999828388194 3.9016905127
0.9999999108262738 3.69151940129
0.6973610171717626 0.365450827775
0.8296098253079388 0.673607257621
0.999999940743135 3.74467728208
0.9934348080439179 1.75377558664
0.9999999999878704 4.72190255329
0.18859997030722264 -0.624422836775
0.9999999821671486 3.89691559916
0.9231805702816851 1.00889674699
0.8372686608279107 0.695293975918
0.7511842179085932 0.479574685317
0.7164720874175416 0.404742900747
0.999999999999992 5.42940303814
0.9999999999999533 5.2677627115
0.9852228705403042 1.53867382803
0.9170592022256909 0.979738186453
0.8963401784967528 0.891640463353
0.359176101777247 -0.255026481027
0.9403423099973565 1.10142743907
0.9999999999129997 4.51324542777
0.7184971393726959 0.408978381673
0.9999800694412029 2.9049948952
1.0 6.34002543439
0.9999997265610971 3.5419620442
0.9796305642936556 1.44686626463
0.8825255803561857 0.839835719858
0.907974578632757 0.939310276017
1.0 5.92679613464
0.2669192001457015 -0.439931688866
0.8975167245123563 0.896277658616
0.993940503838019 1.77389080011
0.9099343093289715 0.947771013127
0.8446664890591389 0.716881409359
0.6511783132614591 0.274713546317
0.9999993269692384 3.41732641953
0.999300210154898 2.25902070592
0.8939724269500704 0.882422752327
1.0 5.99524400472
0.954481540708738 1.19497733025
0.8496902047436765 0.731930199735
0.9915643003895656 1.68963049346
0.9999862913311781 2.96555005189
0.803995006475228 0.605267799009
0.8808263188379072 0.833769135286
0.99999999999975 5.10902694105
0.6014765370721693 0.181847215193
0.9996388049139601 2.39068371209
0.9999999997315501 4.38966329736
0.9999999739209913 3.84934248907
0.11276545778889951 -0.856979181412
0.8722176998359419 0.803935901144
0.9877384022095397 1.59016425751
0.9394495509911815 1.09613518945
0.9999999999994545 5.03355635396
0.9999999998082421 4.42690785249
0.9997977690464384 2.50114643216
1.0 5.85167133514
0.9997509307152175 2.46197282337
0.716266574857155 0.404313875691
0.9999999999999111 5.20744609183
0.19913992813489928 -0.597291202919
0.9999940104831415 3.09569162757
0.9285037446491842 1.03572591964
0.9999998434020816 3.61708328474
0.9947289240977197 1.80843968275
1.0 6.88207075748
0.8114428790318926 0.624535008291
1.0 6.01581643437
0.8705396998839923 0.798285395483
0.6446847563485305 0.262343303547
0.15425336089454578 -0.720089533064
0.641538957694008 0.256379528639
0.4272091672871356 -0.129742724073
0.5699683740092478 0.124658434037
0.6515798666899678 0.275481234896
0.7003438574177991 0.371506647201
0.9765884085574195 1.40565480807
0.9999999999999992 5.63581444514
0.8309171268928458 0.677263892933
0.8881744923817663 0.860461983218
0.5652968931566258 0.116257382493
0.2773557965097221 -0.417698374115
0.7087991223899067 0.388823802202
0.9994457823505398 2.30619422375
0.9999921442918651 3.05361982896
0.9206013465753815 0.996404002461
0.999999627509035 3.49965158121
0.9997122566235287 2.43450635213
0.630819430955469 0.236190926239
1.0 6.29282889527
0.9509390399012896 1.1695740793
0.988758963587399 1.61370472818
0.9305345657757902 1.04636538449
0.9999957953898243 3.149801249
0.5853928752477628 0.152529601339
0.9690648926127119 1.32032725206
0.3591711972993435 -0.255035758177
0.29244775072191026 -0.386255638145
0.6085198936928455 0.19478206429
0.8934204893407656 0.880295484674
0.9990537469971574 2.19669978915
0.973208116675534 1.36484777476
0.8125405063520574 0.627413769011
0.9999918127690124 3.04716148405
0.7076540745335578 0.386465174545
1.0 6.03178800813
0.8101915052434916 0.621265590563
0.9662759695577602 1.29306966721
0.7838978970194903 0.555379611156
0.9317204993280568 1.05268968381
0.831461673859224 0.67879239167
0.8999424489491008 0.905961970089
0.9928492566742975 1.73212899342
0.22591019352240388 -0.532015568115
0.9837476327786933 1.51189893934
0.9438361903514858 1.1227565021
0.3755262504646947 -0.224330942652
0.9999999999999971 5.5205601873
0.3314645067517106 -0.308208619718
0.9901716104216951 1.64956382205
0.9999274100827233 2.68642086203
1.0 7.02074776727
0.9999994881291949 3.45564435164
0.9999999993039975 4.28252241819
0.3876061620348289 -0.20192401514
0.30909466533419094 -0.352434869773
0.5689306578320916 0.122790757219
0.963751792998306 1.26995534498
0.9120353001030606 0.956994946336
0.9999998973901255 3.67309888065
0.9971216868114972 1.95255602453
0.9997142319800928 2.43582338971
0.9999646761086203 2.81010852335
0.9999999698540177 3.83105723862
0.9999999999999855 5.37557390041
0.9999980061473905 3.26119212503
1.0 7.47129863178
0.8878790678995436 0.859365098422
0.9999999999999645 5.29324739352
0.9999998443723741 3.61791271772
0.9999999996615943 4.36384998464
0.4808129970226675 -0.0340211986123
0.9989423486490027 2.17332602011
0.9939546628765169 1.77447511682
0.9999999999039506 4.5025223175
0.9996436321737715 2.39329671443
0.3581166767196201 -0.257031477767
0.9999938134547104 3.09069870666
0.9999999999996806 5.08546495427
0.9937751333540046 1.76715438232
0.9999999999958402 4.83161278402
0.9999999999999993 5.65903382561
0.9147724151281061 0.969261478954
0.9999597198157144 2.78792893698
0.9999999999999993 5.64944491962
0.9992363065274532 2.24112483977
0.9999999999999949 5.47053078754
0.9947589945084901 1.80984624509
0.9858172771748377 1.55011579047
0.9600707807182601 1.23850320842
0.9776839412892916 1.41994478027
0.9999999999799747 4.6696553038
0.8902279514835554 0.868144199507
0.9944945832912161 1.79771633138
0.9999999999999694 5.3071336561
0.9909061535272955 1.67002688816
0.8233333919448307 0.656296455841
0.8945450911260981 0.88463837872
0.9861077018127775 1.5558572324
0.9999999999998435 5.15388452254
0.9411020231629743 1.10598009204
0.9999999999981382 4.91247223504
0.999999992906579 4.01008618093
0.9540971778161287 1.19214589175
0.9996497413872267 2.39665119901
0.7130592588198197 0.397637445745
0.999999999998622 4.94241435559
0.9533267067549305 1.18652703526
0.6218599467023747 0.219464265211
0.939637202224689 1.09724248547
0.9999999999821083 4.68144450487
0.9999996312717894 3.50104875728
0.5530682878945739 0.0943402239848
0.9606640848296583 1.24340834943
0.9916490839811953 1.69225263763
0.5295473315613578 0.0524192542193
0.9984447306487554 2.09063014193
0.9989909859084086 2.18323899726
0.9594049818819752 1.23306875376
0.6569331902661744 0.285747202199
0.7877212095625845 0.564652573048
0.40249981610423996 -0.174571858625
0.726285516551025 0.425407612571
0.665533966479889 0.302368860583
0.9999998618084542 3.63373580241
0.9999999995515936 4.33228021228
0.9997735617901995 2.47995336617
0.9998685228059417 2.58044580275
0.9985315977248921 2.10313097565
0.9999999999985665 4.9385010689
0.050638796033922684 -1.15872964495
0.9473321903380207 1.14517294114
0.9999999999240861 4.52797737807
0.9999999999541449 4.58206656378
0.9998780309321642 2.59405054665
0.994887192051737 1.81592450385
0.5689971061050181 0.122910324711
0.9996336051845749 2.38790513934
0.9999930401840549 3.07246741605
0.9222643774176155 1.00442312187
0.6395248063477126 0.252570700687
0.9999999998249647 4.43695780359
0.9946825846653709 1.80628603872
0.7340811856673936 0.442085501304
0.5781619800299959 0.13943693069
0.9997708239562337 2.47769117973
0.9062505616545751 0.931976815972
0.9999522771609946 2.75905082291
0.947629188458788 1.14713108967
0.8524229253263835 0.740257139498
0.4329018136959914 -0.119494765803
0.9995448978269433 2.34540629062
0.9999999999984391 4.93004037742
0.8310508689626839 0.677639002627
0.15245779753944255 -0.725455538654
0.9999593121145653 2.78622119383
0.9999763255460212 2.87675201735
0.32659483664818556 -0.317728158708
0.08727343132969168 -0.960065683906
0.40479656846829737 -0.170378046899
0.9643298782966732 1.27512957435
0.9999999996478967 4.35941251275
0.6865595688322779 0.343739970461
0.37392559718283724 -0.227316462251
0.9483748666386824 1.15208660376
1.0 6.92617645585
0.9999999651346256 3.81262321036
0.5171886204680417 0.0304754686519
0.9922996878712598 1.7131913029
0.9999913854484443 3.03919510296
0.8871609378492299 0.856707331643
1.0 6.80401073092
0.9999937637098253 3.08946211779
0.9999981139061553 3.26934705225
0.9999908049558128 3.02895620032
0.3628724212663703 -0.248046984325
0.9999999999999967 5.50832787462
0.4352307767078307 -0.11530948947
0.9999999999773983 4.65695838811
0.8164031283189703 0.637628140083
0.2303028354255653 -0.521738662559
0.867793487566058 0.789146216655
0.293264044908797 -0.384577087994
0.9999998313830584 3.60720130565
0.9999999999999416 5.24687267104
0.9999999823436891 3.89815350486
0.9999525956255453 2.76019637466
0.9865069386557423 1.56392113644
0.9999984912585493 3.30192434927
0.9747962079592573 1.3834465967
0.9999999953824823 4.06177083572
0.9999999999999697 5.3080681868
0.999999996661396 4.10040463811
0.9999531223735694 2.76210719286
0.7410516146655319 0.457208786492
0.9999999988892414 4.22900856615
0.11411800098967878 -0.852003778497
0.80190785794143 0.599948715072
0.9981012325625936 2.04672608608
0.9999504892152893 2.75275039098
0.999580985648486 2.3616792755
0.997634003419315 1.99738832797
0.4424148153229424 -0.102424124888
1.0 6.06870797832
0.8049625195746627 0.607745147585
0.591475753953798 0.16358406874
0.9999996770567795 3.51924644515
0.6495676573069368 0.271637540286
0.9999896098039821 3.00968436739
0.706873095812615 0.384858939529
0.9630310799105364 1.2635982797
0.96347132020001 1.26746924266
0.9999999844211964 3.91369764337
0.887205328584217 0.856871268875
0.9999999997887735 4.41623373457
0.998737793102066 2.13574504508
0.9999853704094932 2.95511016616
0.8734976201858562 0.808280671436
0.5609430698232888 0.108442368263
0.8968087452705829 0.893482651819
0.39328028032810636 -0.191470082271
0.9999999999949024 4.81095656634
0.9999999998062442 4.42576493102
0.8701570178798135 0.797003870252
0.9999999999999638 5.29153168626
0.9996674164459567 2.40667191215
0.9901251628420715 1.64831533161
0.45306403087626085 -0.0833846949002
0.9950783931733338 1.82524696988
0.9870025829675027 1.5742240038
0.999999988615027 3.95238678517
0.999997683904492 3.23910885257
0.9999999997126056 4.3820774236
0.99049964965752 1.65853113419
0.9999828896246377 2.92981999184
0.3666186366392382 -0.240997842406
0.9999999998533537 4.45638719981
0.6964233975981587 0.363552799207
0.9999949058832591 3.12056081687
0.3597119265103885 -0.254013196355
0.7986475753658183 0.591707140823
0.9999975657718104 3.23174516638
0.9964675341105997 1.90478163388
0.9830140345153144 1.49935253985
0.9736681863735086 1.37013883797
0.9991669452511502 2.22319896637
0.9999455637599222 2.73644444606
0.9825240729686362 1.49122863106
0.9818425836568669 1.48024647275
0.9985413792669189 2.10458061477
0.9999999802608945 3.8842578608
0.9999947343212634 3.1154883022
0.9463537985224503 1.13878361505
0.9108277735857889 0.951673787239
0.9999587694988471 2.78397324948
0.41184825012855797 -0.157538546513
0.9869258110182334 1.57260617795
0.5530905166051714 0.0943799757201
0.9963675234375926 1.89819188057
0.9999999999999999 5.81084250388
0.9999999999993779 5.02073070216
0.5041349804612589 0.00732919327414
0.9968787577513806 1.93377080194
1.0 6.24378672235
0.9999999771335288 3.86585873047
0.34303424120750975 -0.285809840735
0.8420450795536969 0.709156323666
0.5529447147802528 0.0941192428822
0.6446914133830363 0.262355943547
0.619277408281927 0.214665988911
0.9997118242873524 2.43421922208
0.9999999435143381 3.7508603889
0.37376292384755483 -0.227620104708
0.27870901747095056 -0.414846045877
0.9999999998874689 4.48530951416
0.9999999999625202 4.60353553875
0.9999682883275196 2.82821363392
0.9999853716884366 2.95512422655
0.951450124481686 1.17314644404
0.9999999999438667 4.56044038028
0.9348807733242064 1.06996728022
0.6698559348714611 0.310784315481
0.9999999999968754 4.86054275482
0.7544156986882096 0.486808611392
0.9999971535289007 3.20848551247
0.9992601872961772 2.24764510397
0.9999999969829148 4.11239725557
0.9999999894405485 3.96161968847
0.9999999999999083 5.2046234767
0.9999999922121471 3.99875839097
0.9999999926165566 4.00522967964
0.46694187672385334 -0.0586612156151
0.675505879469043 0.321852516105
0.9955822382676005 1.85145547947
0.9629670925136912 1.26303879021
0.9158482562920103 0.974163714663
0.6640704764334748 0.299528986331
0.9930404162810833 1.73901790923
1.0 5.98132095639
1.0 7.20771703655
0.47389666818649545 -0.0463000140408
0.6865691397677487 0.343759062274
0.9999999902193378 3.97099627262
0.3847271984652755 -0.207244967362
1.0 6.86131123431
0.9999999999999982 5.5649640872
0.5347336675832968 0.061641807662
0.8749473564566099 0.813239043642
0.9999997768951573 3.56955055429
0.24821328476950377 -0.480919599603
0.9999999877791 3.94367735007
0.5870283763842814 0.155498037182
0.9999988735896006 3.34412850555
0.9924547879671756 1.71841207175
0.9999999999999987 5.59053946917
0.8288967530186765 0.671620305639
0.773285569146466 0.530125637357
0.4474280233482235 -0.0934527450437
0.9999999999856579 4.70450357652
0.9999999999694643 4.62525028721
0.9998123386077314 2.51507549547
0.9999267018679223 2.68471872642
0.9999999999995961 5.06277031508
0.4005992451114604 -0.178046896044
0.9977087454283899 2.00465065402
0.9999985047872562 3.30323259859
0.9955878208217905 1.85176052575
0.9999917073139228 3.04515932345
1.0 5.95198619771
0.9902985599561158 1.65300265187
0.5208458227326233 0.0369650884628
0.9999999999974885 4.88251591216
1.0 7.51962772606
0.7994140425956304 0.593637415148
0.9999977694639934 3.24467032529
0.9979358987903743 2.0281205513
1.0 6.91659857312
0.8868725400651194 0.855643383571
0.9991676770053148 2.22338079637
0.5006497972716555 0.00115173618571
0.8567961170136799 0.753800662873
0.5460443615788815 0.081793545102
0.9999999986652521 4.20780135402
0.576086742307265 0.135688395049
0.9999987584429013 3.33012739271
0.9896790660465049 1.63657855593
0.984332314302766 1.52225074392
0.9999999999292184 4.53552508132
0.6449558256724197 0.262858062468
0.9606408137325111 1.24321482558
0.9999264633620788 2.6841489818
0.9999999999990865 4.98304666466
0.9999999802543813 3.88421667824
0.43612596388827596 -0.113701870376
0.9999999948410055 4.04848129406
0.9999945987312424 3.1115898005
0.9999999994867854 4.31706035444
0.7775360535199942 0.540157617799
0.681906583475862 0.334487619956
0.7414213115129485 0.458016702205
0.9999999998766486 4.47530193962
0.9999999999999304 5.23052904105
0.5238237862422567 0.0422516908571
0.12483015298905953 -0.814003549119
0.9901312394605097 1.64847837649
0.8624215808910498 0.771640006397
0.999999965870932 3.81533378348
0.9999994669292209 3.44998825581
0.9803638371572612 1.4575748017
0.9999999999999998 5.75767083526
0.5661049754391383 0.117709407063
0.8652270819390222 0.780722996154
0.9962068599286216 1.88793894094
0.9993602798493453 2.27727407786
0.45228586962141254 -0.0847737349654
0.6763028432406989 0.32342006506
0.3214503553555982 -0.327847902614
0.9999999999999998 5.77218785445
1.0 6.56502253035
0.7173706279761789 0.406620434951
0.9999961960169501 3.16495995748
0.4802484053679943 -0.0350231046876
0.9996450161285444 2.39405191725
0.9999052933091086 2.63944078295
0.9920821235485351 1.70602178802
0.9999580651694948 2.78109670034
0.999999999033939 4.24505410651
0.9999970301505352 3.20215039741
0.9999957621183058 3.14860518666
0.9999998230746958 3.60076015201
0.9999999999999969 5.51421756612
0.36559749428456606 -0.242916892916
0.9998970347516947 2.62451731866
0.8306755816201441 0.676586907427
0.7491453369462802 0.475036226508
0.9999999990805053 4.2507197906
0.9978840526198545 2.02256451706
1.0 7.0164455044
0.762309053758172 0.50469733932
0.8600670694425687 0.764114240195
0.9717997349586198 1.34910878677
0.9918556702714083 1.69874106883
0.9999999568026374 3.78530995704
0.9724220584561691 1.35598065822
0.7129418258601452 0.397393669402
1.0 6.89504008573
0.9248878860033689 1.01734274472
0.999999860721346 3.63269434079
0.8882921953488527 0.860899581168
0.4596538830230459 -0.0716339701432
1.0 6.92234769797
0.4780536753420407 -0.0389184880071
0.999982292207332 2.92425236244
0.06536217075415734 -1.06861630638
0.999999989730278 3.9650270896
0.9540612255537988 1.19188202236
0.999079259421046 2.20240732573
0.9901134596928298 1.64800156509
0.4819331243788361 -0.032033657064
0.9998919168755561 2.61582392733
0.9890704719563158 1.62126014807
0.9950395161790397 1.82332561411
0.9999999999362595 4.5468002498
0.9444755891017022 1.12677227899
0.5664349406636492 0.118302456427
1.0 6.00825731109
1.0 7.00638148428
0.7926852168882698 0.576839129645
0.9999999999993671 5.01903004541
0.2489804375544205 -0.479207437846
0.712968161813502 0.397448335484
0.8465966499839459 0.722624586707
0.9999670190938454 2.82163926536
0.986286086592371 1.5594352549
0.8192584334926112 0.645265089953
0.32447755247085297 -0.321885087721
0.877911403518571 0.823503106635
0.531979659872933 0.0567433132858
0.9999987384243085 3.32782124951
0.9999921465463641 3.05366463166
0.2202989750323689 -0.5453093482
0.9999999991217585 4.25597764373
0.3240197403495839 -0.322785383979
0.8138223855339692 0.630788989994
0.9974956337275688 1.98447510868
0.8993672539286304 0.903650248266
0.939428347893325 1.0960102427
0.999892161043248 2.61622980886
0.9999999999929964 4.77850824904
0.3439575727858515 -0.284034878681
0.9999951428966096 3.12784371435
0.9999999999999994 5.66272047429
0.9999999984742308 4.19229569481
0.7253680821902466 0.42346052407
0.38963439561033303 -0.198182268456
0.7046257930935097 0.380247942831
0.9945994603133363 1.80246428129
0.9693569460437119 1.32329775982
0.3275258667644173 -0.315903717324
0.9999999948906811 4.04964256156
0.9869507080245821 1.57312993417
0.9932616399266314 1.74720196415
0.9997081769204321 2.43181271428
0.9349629418136889 1.07042509133
0.3246299128088242 -0.321585583972
0.9999569695177201 2.77671146268
0.9199897374829069 0.993486818717
0.8478975061156011 0.7265223161
0.9977614694207697 2.00990379354
0.9962738955003585 1.8921686246
0.9999999999999996 5.68547406803
0.9999987436148734 3.32841581123
0.45509756209638685 -0.0797562884056
0.9999998670184063 3.63883946038
0.7016307175423818 0.374127666344
0.999908728150029 2.64601091239
0.9994639181018226 2.31285585927
0.9999999999999993 5.66152647351
0.8073947924478431 0.614006280016
0.5337505656618468 0.0598928580525
0.9825577983577478 1.49178154547
0.17561316048149367 -0.659174321897
0.45151606472632355 -0.0861481806263
0.9958192089468402 1.86471805181
0.9999999999999942 5.46037800349
0.9398784640718506 1.09867009343
1.0 5.90850871412
0.7556576074325192 0.489602290354
0.9999779662496211 2.88856590635
0.904101467137499 0.922973286664
0.9999999999977577 4.89388793808
0.9999999997934353 4.41869948712
0.99992069798941 2.67088078768
0.9977837101433726 2.01215342792
0.9999999999652833 4.61166274816
0.998024261580212 2.03788853746
0.9999998454465657 3.61883681017
0.9579132101336436 1.22115011801
0.8706023207815679 0.798495350054
0.9999914316773337 3.0400385389
0.9999999999373833 4.54871172813
0.998722894509976 2.13323095452
0.6970073329789876 0.364734554293
0.5094986052053617 0.0168374303711
0.6436389015844309 0.260358531568
0.9999885002067973 2.99359620015
0.9989145693686912 2.16785025555
0.9999727590048109 2.85354205788
0.6990460913409542 0.368868574495
0.9711532645495613 1.34210268699
0.9870441501881007 1.575103406
0.9999999966959039 4.10163665528
0.9857482525968259 1.5487661489
0.9999999999999488 5.25930454769
0.9999999999753051 4.64764570275
0.9989161387192669 2.16815615751
0.27125806775420525 -0.430636887786
0.9516530280224494 1.17457303371
0.7534959749545055 0.484744577874
0.9999976733558353 3.23843685346
0.9701480162955077 1.3314632885
0.9999999071745346 3.68626058015
0.9999999999999993 5.65715917334
1.0 6.72499331012
0.7394382157951571 0.453689906668
0.8992392405829364 0.903137071912
0.2855474138998302 -0.400533442125
0.9999675910017892 2.82457144357
0.989355710745897 1.62834459063
0.21543658769664442 -0.556986839436
0.9999999999981334 4.91222094402
0.00027190904105656166 -2.44530947152
0.9801022241665003 1.453715928
0.9572806130476231 1.21619903143
0.9995636918547677 2.35372536068
0.9352979864116571 1.07229649146
0.9999950618974903 3.12531733153
0.9999999999999987 5.59356088005
0.9999630026903066 2.80230786808
0.9671581725313911 1.3014840724
0.9109731706452842 0.952311650154
0.9999999999999631 5.28973352815
0.9941528458978346 1.78278372906
0.9985511755986629 2.10604136569
0.9808900029091476 1.46547001526
0.10676467255117056 -0.879583619118
0.8040565391080964 0.605425133954
0.9999583774448195 2.78236638436
0.9462940315762348 1.13839631303
1.0 8.17737102049
0.527111790541821 0.0480914469363
0.5297351205197823 0.0527530231819
0.9999991945687396 3.39196778504
